{
  "RSpec": {
    "coverage": {
      "/Users/jwaldrip/Development/Organizations/TrailSafe/Ruby/Rails/server/config/environment.rb": [
        null,
        1,
        null,
        null,
        1
      ],
      "/Users/jwaldrip/Development/Organizations/TrailSafe/Ruby/Rails/server/config/application.rb": [
        1,
        null,
        null,
        1,
        1,
        1,
        1,
        1,
        null,
        null,
        1,
        null,
        1,
        null,
        null,
        null,
        null,
        1,
        1,
        null,
        null,
        null,
        null,
        null,
        null,
        null,
        null,
        null,
        null,
        null,
        null,
        null,
        null,
        null,
        null,
        null,
        null,
        null,
        null,
        null,
        null,
        null,
        1,
        null,
        null,
        1,
        null,
        null,
        1,
        null,
        null,
        null,
        null,
        null,
        null,
        null,
        null,
        null,
        null,
        null,
        null,
        1,
        null,
        null,
        1,
        null,
        null
      ],
      "/Users/jwaldrip/Development/Organizations/TrailSafe/Ruby/Rails/server/config/boot.rb": [
        1,
        null,
        null,
        1,
        null,
        1
      ],
      "/Users/jwaldrip/Development/Organizations/TrailSafe/Ruby/Rails/server/config/environments/test.rb": [
        1,
        null,
        null,
        null,
        null,
        null,
        null,
        1,
        null,
        null,
        1,
        1,
        null,
        null,
        1,
        null,
        null,
        1,
        1,
        null,
        null,
        1,
        null,
        null,
        1,
        null,
        null,
        null,
        null,
        1,
        null,
        null,
        1,
        null,
        null,
        1,
        null
      ],
      "/Users/jwaldrip/Development/Organizations/TrailSafe/Ruby/Rails/server/config/initializers/backtrace_silencers.rb": [
        null,
        null,
        null,
        null,
        null,
        null,
        null
      ],
      "/Users/jwaldrip/Development/Organizations/TrailSafe/Ruby/Rails/server/config/initializers/inflections.rb": [
        null,
        null,
        null,
        null,
        null,
        null,
        null,
        null,
        null,
        null,
        null,
        null,
        null,
        null,
        null
      ],
      "/Users/jwaldrip/Development/Organizations/TrailSafe/Ruby/Rails/server/config/initializers/mime_types.rb": [
        null,
        null,
        null,
        null,
        null
      ],
      "/Users/jwaldrip/Development/Organizations/TrailSafe/Ruby/Rails/server/config/initializers/secret_token.rb": [
        null,
        null,
        null,
        null,
        null,
        null,
        1
      ],
      "/Users/jwaldrip/Development/Organizations/TrailSafe/Ruby/Rails/server/config/initializers/session_store.rb": [
        null,
        null,
        1,
        null,
        null,
        null,
        null,
        null
      ],
      "/Users/jwaldrip/Development/Organizations/TrailSafe/Ruby/Rails/server/config/initializers/strong_parameters.rb": [
        1,
        1,
        null
      ],
      "/Users/jwaldrip/Development/Organizations/TrailSafe/Ruby/Rails/server/config/initializers/wrap_parameters.rb": [
        null,
        null,
        null,
        null,
        null,
        null,
        1,
        1,
        null,
        null,
        null,
        1,
        1,
        null
      ],
      "/Users/jwaldrip/Development/Organizations/TrailSafe/Ruby/Rails/server/app/controllers/application_controller.rb": [
        1,
        1,
        null
      ],
      "/Users/jwaldrip/Development/Organizations/TrailSafe/Ruby/Rails/server/app/helpers/application_helper.rb": [
        1,
        null
      ],
      "/Users/jwaldrip/Development/Organizations/TrailSafe/Ruby/Rails/server/app/models/contact.rb": [
        1,
        1,
        1,
        null,
        1,
        1,
        null
      ],
      "/Users/jwaldrip/Development/Organizations/TrailSafe/Ruby/Rails/server/app/models/device.rb": [
        1,
        null,
        null,
        1,
        null,
        null,
        1,
        null,
        null,
        1,
        null,
        null
      ],
      "/Users/jwaldrip/Development/Organizations/TrailSafe/Ruby/Rails/server/app/models/location.rb": [
        1,
        1,
        null
      ],
      "/Users/jwaldrip/Development/Organizations/TrailSafe/Ruby/Rails/server/app/models/user.rb": [
        1,
        null,
        1,
        null,
        null,
        1,
        null,
        1,
        1,
        null,
        null,
        null,
        null,
        null,
        1,
        1,
        1,
        1,
        null,
        null,
        1,
        null,
        null,
        null,
        1,
        4,
        null,
        null,
        1,
        3,
        null,
        null,
        null
      ],
      "/Users/jwaldrip/Development/Organizations/TrailSafe/Ruby/Rails/server/app/models/user/emergency_contact.rb": [
        1,
        1,
        null,
        1,
        1,
        null
      ],
      "/Users/jwaldrip/Development/Organizations/TrailSafe/Ruby/Rails/server/app/models/user/password.rb": [
        1,
        1,
        null,
        1,
        1,
        null
      ],
      "/Users/jwaldrip/Development/Organizations/TrailSafe/Ruby/Rails/server/app/validators/email_validator.rb": [
        1,
        null,
        1,
        null,
        1,
        0,
        0,
        0,
        null,
        null,
        null,
        1,
        null,
        1,
        0,
        0,
        null,
        0,
        null,
        null,
        null
      ],
      "/Users/jwaldrip/Development/Organizations/TrailSafe/Ruby/Rails/server/spec/factories/contacts.rb": [
        null,
        null,
        1,
        1,
        1,
        1,
        1,
        null,
        null
      ],
      "/Users/jwaldrip/Development/Organizations/TrailSafe/Ruby/Rails/server/spec/factories/devices.rb": [
        null,
        null,
        1,
        1,
        1,
        1,
        null,
        null
      ],
      "/Users/jwaldrip/Development/Organizations/TrailSafe/Ruby/Rails/server/spec/factories/locations.rb": [
        null,
        null,
        1,
        1,
        1,
        1,
        1,
        null,
        null
      ],
      "/Users/jwaldrip/Development/Organizations/TrailSafe/Ruby/Rails/server/spec/factories/user_emergency_contacts.rb": [
        null,
        null,
        1,
        1,
        1,
        1,
        null,
        null
      ],
      "/Users/jwaldrip/Development/Organizations/TrailSafe/Ruby/Rails/server/spec/factories/user_passwords.rb": [
        null,
        null,
        1,
        1,
        null,
        null
      ],
      "/Users/jwaldrip/Development/Organizations/TrailSafe/Ruby/Rails/server/spec/factories/users.rb": [
        null,
        null,
        1,
        1,
        1,
        1,
        null,
        null
      ],
      "/Users/jwaldrip/Development/Organizations/TrailSafe/Ruby/Rails/server/config/routes.rb": [
        1,
        1,
        null,
        null,
        1,
        1,
        1,
        1,
        null
      ],
      "/Users/jwaldrip/Development/Organizations/TrailSafe/Ruby/Rails/server/config/routes/api.rb": [
        1,
        1,
        1,
        1,
        null,
        null,
        1,
        1,
        null,
        1,
        1,
        null,
        null,
        null,
        1,
        1,
        1,
        null,
        null,
        null,
        null,
        null
      ],
      "/Users/jwaldrip/Development/Organizations/TrailSafe/Ruby/Rails/server/config/routes/short.rb": [
        1,
        1,
        1,
        1,
        null,
        null
      ]
    },
    "timestamp": 1371339490
  }
}
