{
  "RSpec": {
    "coverage": {
      "/Users/jwaldrip/Development/Organizations/TrailSafe/Ruby/Rails/server/config/environment.rb": [
        null,
        1,
        null,
        null,
        1
      ],
      "/Users/jwaldrip/Development/Organizations/TrailSafe/Ruby/Rails/server/config/application.rb": [
        1,
        null,
        null,
        1,
        1,
        1,
        1,
        1,
        null,
        null,
        1,
        null,
        1,
        null,
        null,
        null,
        null,
        1,
        1,
        null,
        null,
        null,
        null,
        null,
        null,
        null,
        null,
        null,
        null,
        null,
        null,
        null,
        null,
        null,
        null,
        null,
        null,
        null,
        null,
        null,
        null,
        null,
        1,
        null,
        null,
        1,
        null,
        null,
        1,
        null,
        null,
        null,
        null,
        null,
        null,
        null,
        null,
        null,
        null,
        1,
        null,
        null,
        1,
        null,
        null,
        1,
        null,
        null
      ],
      "/Users/jwaldrip/Development/Organizations/TrailSafe/Ruby/Rails/server/config/boot.rb": [
        1,
        null,
        null,
        1,
        null,
        1
      ],
      "/Users/jwaldrip/Development/Organizations/TrailSafe/Ruby/Rails/server/config/environments/test.rb": [
        1,
        null,
        null,
        null,
        null,
        null,
        null,
        1,
        null,
        null,
        1,
        1,
        null,
        null,
        1,
        null,
        null,
        1,
        1,
        null,
        null,
        1,
        null,
        null,
        1,
        null,
        null,
        null,
        null,
        1,
        null,
        null,
        1,
        null,
        null,
        1,
        null
      ],
      "/Users/jwaldrip/Development/Organizations/TrailSafe/Ruby/Rails/server/config/initializers/backtrace_silencers.rb": [
        null,
        null,
        null,
        null,
        null,
        null,
        null
      ],
      "/Users/jwaldrip/Development/Organizations/TrailSafe/Ruby/Rails/server/config/initializers/inflections.rb": [
        null,
        null,
        null,
        null,
        null,
        null,
        null,
        null,
        null,
        null,
        null,
        null,
        null,
        null,
        null
      ],
      "/Users/jwaldrip/Development/Organizations/TrailSafe/Ruby/Rails/server/config/initializers/mime_types.rb": [
        null,
        null,
        null,
        null,
        null
      ],
      "/Users/jwaldrip/Development/Organizations/TrailSafe/Ruby/Rails/server/config/initializers/secret_token.rb": [
        null,
        null,
        null,
        null,
        null,
        null,
        1
      ],
      "/Users/jwaldrip/Development/Organizations/TrailSafe/Ruby/Rails/server/config/initializers/session_store.rb": [
        null,
        null,
        1,
        null,
        null,
        null,
        null,
        null
      ],
      "/Users/jwaldrip/Development/Organizations/TrailSafe/Ruby/Rails/server/config/initializers/wrap_parameters.rb": [
        null,
        null,
        null,
        null,
        null,
        null,
        1,
        1,
        null,
        null,
        null,
        1,
        1,
        null
      ],
      "/Users/jwaldrip/Development/Organizations/TrailSafe/Ruby/Rails/server/app/controllers/application_controller.rb": [
        1,
        1,
        null
      ],
      "/Users/jwaldrip/Development/Organizations/TrailSafe/Ruby/Rails/server/app/helpers/application_helper.rb": [
        1,
        null
      ],
      "/Users/jwaldrip/Development/Organizations/TrailSafe/Ruby/Rails/server/app/models/contact.rb": [
        1,
        1,
        null,
        1,
        1,
        null,
        null
      ],
      "/Users/jwaldrip/Development/Organizations/TrailSafe/Ruby/Rails/server/app/models/device.rb": [
        1,
        1,
        1,
        null
      ],
      "/Users/jwaldrip/Development/Organizations/TrailSafe/Ruby/Rails/server/app/models/device/location.rb": [
        1,
        1,
        1,
        null
      ],
      "/Users/jwaldrip/Development/Organizations/TrailSafe/Ruby/Rails/server/app/models/user.rb": [
        1,
        null,
        1,
        1,
        null,
        null
      ],
      "/Users/jwaldrip/Development/Organizations/TrailSafe/Ruby/Rails/server/app/models/user/emergency_contact.rb": [
        1,
        1,
        null,
        1,
        1,
        null
      ],
      "/Users/jwaldrip/Development/Organizations/TrailSafe/Ruby/Rails/server/spec/factories/contacts.rb": [
        null,
        null,
        1,
        1,
        1,
        1,
        1,
        null,
        null
      ],
      "/Users/jwaldrip/Development/Organizations/TrailSafe/Ruby/Rails/server/spec/factories/device_locations.rb": [
        null,
        null,
        1,
        1,
        1,
        1,
        1,
        null,
        null
      ],
      "/Users/jwaldrip/Development/Organizations/TrailSafe/Ruby/Rails/server/spec/factories/devices.rb": [
        null,
        null,
        1,
        1,
        1,
        1,
        null,
        null
      ],
      "/Users/jwaldrip/Development/Organizations/TrailSafe/Ruby/Rails/server/spec/factories/user_emergency_contacts.rb": [
        null,
        null,
        1,
        1,
        1,
        1,
        null,
        null
      ],
      "/Users/jwaldrip/Development/Organizations/TrailSafe/Ruby/Rails/server/spec/factories/users.rb": [
        null,
        null,
        1,
        1,
        null,
        null
      ],
      "/Users/jwaldrip/Development/Organizations/TrailSafe/Ruby/Rails/server/config/routes.rb": [
        1,
        null,
        null,
        null,
        null,
        null,
        null,
        null,
        null,
        null,
        null,
        null,
        null,
        null,
        null,
        null,
        null,
        null,
        null,
        null,
        null,
        null,
        null,
        null,
        null,
        null,
        null,
        null,
        null,
        null,
        null,
        null,
        null,
        null,
        null,
        null,
        null,
        null,
        null,
        null,
        null,
        null,
        null,
        null,
        null,
        null,
        null,
        null,
        null,
        null,
        null,
        null,
        null,
        null,
        null,
        null,
        null,
        null
      ],
      "/Users/jwaldrip/Development/Organizations/TrailSafe/Ruby/Rails/server/spec/models/device/location_spec.rb": [
        1,
        null,
        1,
        1,
        null
      ],
      "/Users/jwaldrip/Development/Organizations/TrailSafe/Ruby/Rails/server/spec/models/device_spec.rb": [
        1,
        null,
        1,
        2,
        null
      ],
      "/Users/jwaldrip/Development/Organizations/TrailSafe/Ruby/Rails/server/spec/models/user/emergency_contact_spec.rb": [
        1,
        null,
        1,
        2,
        2,
        null
      ],
      "/Users/jwaldrip/Development/Organizations/TrailSafe/Ruby/Rails/server/spec/models/user_spec.rb": [
        1,
        null,
        1,
        2,
        2,
        null
      ]
    },
    "timestamp": 1371181107
  }
}
